2026-04-21 22:01:11,939 - IP: 127.0.0.1 | Reaction: like | Message: "Halo! Saya adalah Asisten Virtual resmi Kemlu RI. Saya siap membantu menjawab pertanyaan Anda seputar layanan konsuler."
2026-04-21 22:01:17,724 - IP: 127.0.0.1 | Reaction: dislike | Message: "Halo! Saya adalah Asisten Virtual resmi Kemlu RI. Saya siap membantu menjawab pertanyaan Anda seputar layanan konsuler."
2026-04-21 22:03:42,607 - IP: 127.0.0.1 | Reaction: like | Message: "Alamat Kementerian Luar Negeri RI:
Jalan Taman Pejambon No. 6, Jakarta Pusat 10110, Indonesia.
Lihat Peta"
2026-04-21 22:03:52,181 - IP: 127.0.0.1 | Reaction: dislike | Message: "Halo! Selamat datang di Layanan Asisten Virtual Kemlu RI. Silakan ajukan pertanyaan Anda tentang layanan resmi Kemlu."
2026-04-22 19:33:08,462 - IP: 127.0.0.1 | Reaction: like | Message: "Halo! Saya adalah Asisten Virtual resmi Kemlu RI. Saya siap membantu menjawab pertanyaan Anda seputar layanan konsuler."
2026-04-22 19:33:09,655 - IP: 127.0.0.1 | Reaction: dislike | Message: "Halo! Saya adalah Asisten Virtual resmi Kemlu RI. Saya siap membantu menjawab pertanyaan Anda seputar layanan konsuler."
2026-04-22 22:04:05,987 - IP: 192.168.1.5 | Reaction: like | Message: "Halo! Saya adalah Asisten Virtual resmi Kemlu RI. Saya siap membantu menjawab pertanyaan Anda seputar layanan konsuler."
2026-04-22 22:04:07,579 - IP: 192.168.1.5 | Reaction: dislike | Message: "Halo! Saya adalah Asisten Virtual resmi Kemlu RI. Saya siap membantu menjawab pertanyaan Anda seputar layanan konsuler."
2026-04-23 19:13:47,514 - IP: 127.0.0.1 | Reaction: like | Message: "Halo! Selamat datang di Layanan Asisten Virtual Kemlu RI. Silakan ajukan pertanyaan Anda tentang layanan resmi Kemlu."
2026-04-23 19:35:47,937 - IP: 192.168.1.18 | Reaction: dislike | Message: "Halo! Saya adalah Asisten Virtual resmi Kemlu RI. Saya siap membantu menjawab pertanyaan Anda seputar layanan konsuler."
2026-04-25 21:00:06,885 - IP: 127.0.0.1 | Reaction: dislike | Message: "{"footer":{"link":"https://kemlu.go.id","text":"kemlu.go.id"},"items":["Laporkan ke otoritas kepolisian setempat untuk mendapatkan surat keterangan kehilangan resmi.","Setelah itu, segera hubungi KBRI/KJRI terdekat untuk memproses pengurusan Surat Perjalanan Laksana Paspor (SPLP) sebagai dokumen darurat pengganti paspor."],"title":"Jika paspor Anda hilang saat di luar negeri, segera lakukan:","type":"list"}"
2026-04-25 22:44:34,030 - IP: 192.168.1.18 | Reaction: dislike | Message: "Tentu, dengan senang hati! Berikut adalah informasi alamat dan kontak untuk Perwakilan RI di Inggris:

KBRI London, Inggris
Alamat: 38 Grosvenor Square, London W1K 2HW, UK
Telepon: (+44-20) 7499-7661, 7290-9600
Website: indonesianembassy.org.uk
Lihat Peta"
2026-04-25 22:47:01,614 - IP: 192.168.1.18 | Reaction: like | Message: "Ikuti perkembangan terbaru mengenai diplomasi, kebijakan luar negeri, dan kegiatan Kementerian Luar Negeri melalui portal berita resmi. Akses berita terkini di halaman Berita."
2026-04-25 22:47:14,643 - IP: 192.168.1.18 | Reaction: dislike | Message: "Kementerian Luar Negeri berkomitmen memberikan perlindungan maksimal bagi WNI di luar negeri. Layanan ini mencakup bantuan dalam berbagai situasi, mulai dari kehilangan dokumen, kasus hukum, hingga kondisi darurat. Untuk bantuan, kunjungi Perlindungan WNI atau hubungi Hotline darurat."
2026-05-29 14:16:55,559 - IP: 127.0.0.1 | Reaction: like | Message: "Tentu, Anda bisa menghubungi Pusat Informasi Penerimaan Mahasiswa Baru (PMB) Universitas Muhammadiyah Bandung melalui beberapa saluran berikut:

Kontak Resmi PMB UMBandung

Nomor Telepon/WhatsApp: Informasi nomor kontak seringkali tersedia di laman khusus PMB. Anda bisa mencari nomor kontak yang tercantum di bagian "Kontak" atau "Hubungi Kami" pada portal PMB.

Alamat Email: Biasanya tersedia alamat email resmi untuk pertanyaan seputar PMB, contohnya seperti pmb@umbandung.ac.id atau sejenisnya.

Media Sosial Resmi: UMBandung juga aktif di media sosial seperti Instagram, Facebook, atau Twitter yang bisa menjadi saluran pertanyaan.

Formulir Kontak Online: Beberapa situs web PMB menyediakan formulir kontak yang bisa diisi langsung untuk pertanyaan.

Untuk mendapatkan nomor telepon atau WhatsApp yang paling akbar dan alamat email terbaru, serta informasi kontak lainnya, saya sangat menyarankan Anda untuk langsung mengunjungi laman resmi PMB Universitas Muhammadiyah Bandung di pmb.umbandung.ac.id atau umbandung.ac.id. Informasi kontak biasanya terletak di bagian bawah halaman atau pada menu khusus "Kontak Kami"."
2026-06-01 17:33:00,428 - IP: 10.198.123.245 | Reaction: like | Message: "Berikut informasi mengenai jadwal libur akademik di Universitas Muhammadiyah Bandung:

Jadwal Libur Akademik



Jadwal libur di lingkungan Universitas Muhammadiyah Bandung (UMBandung) umumnya mengikuti kalender akademik tahunan yang diterbitkan secara resmi. Ini mencakup:

Libur nasional dan keagamaan (seperti Idul Fitri, Idul Adha, Natal, Tahun Baru).
Libur antar semester.
Hari-hari penting lainnya sesuai kebijakan universitas.
Kalender akademik juga memuat tanggal-tanggal penting seperti awal perkuliahan, periode Ujian Tengah Semester (UTS), Ujian Akhir Semester (UAS), dan periode daftar ulang.

Untuk mendapatkan informasi jadwal libur yang paling akurat dan terkini, Anda dapat merujuk pada Kalender Akademik resmi yang tersedia di situs web Universitas Muhammadiyah Bandung. Ketentuan dan tanggal spesifik dapat berubah sewaktu-waktu.

Silakan kunjungi umbandung.ac.id atau hubungi Bagian Akademik UMBandung untuk informasi lebih lanjut.
"
2026-06-01 17:33:01,635 - IP: 10.198.123.245 | Reaction: like | Message: "Berikut informasi mengenai jadwal libur akademik di Universitas Muhammadiyah Bandung:

Jadwal Libur Akademik



Jadwal libur di lingkungan Universitas Muhammadiyah Bandung (UMBandung) umumnya mengikuti kalender akademik tahunan yang diterbitkan secara resmi. Ini mencakup:

Libur nasional dan keagamaan (seperti Idul Fitri, Idul Adha, Natal, Tahun Baru).
Libur antar semester.
Hari-hari penting lainnya sesuai kebijakan universitas.
Kalender akademik juga memuat tanggal-tanggal penting seperti awal perkuliahan, periode Ujian Tengah Semester (UTS), Ujian Akhir Semester (UAS), dan periode daftar ulang.

Untuk mendapatkan informasi jadwal libur yang paling akurat dan terkini, Anda dapat merujuk pada Kalender Akademik resmi yang tersedia di situs web Universitas Muhammadiyah Bandung. Ketentuan dan tanggal spesifik dapat berubah sewaktu-waktu.

Silakan kunjungi umbandung.ac.id atau hubungi Bagian Akademik UMBandung untuk informasi lebih lanjut.
"
2026-06-01 17:33:02,359 - IP: 10.198.123.245 | Reaction: like | Message: "Berikut informasi mengenai jadwal libur akademik di Universitas Muhammadiyah Bandung:

Jadwal Libur Akademik



Jadwal libur di lingkungan Universitas Muhammadiyah Bandung (UMBandung) umumnya mengikuti kalender akademik tahunan yang diterbitkan secara resmi. Ini mencakup:

Libur nasional dan keagamaan (seperti Idul Fitri, Idul Adha, Natal, Tahun Baru).
Libur antar semester.
Hari-hari penting lainnya sesuai kebijakan universitas.
Kalender akademik juga memuat tanggal-tanggal penting seperti awal perkuliahan, periode Ujian Tengah Semester (UTS), Ujian Akhir Semester (UAS), dan periode daftar ulang.

Untuk mendapatkan informasi jadwal libur yang paling akurat dan terkini, Anda dapat merujuk pada Kalender Akademik resmi yang tersedia di situs web Universitas Muhammadiyah Bandung. Ketentuan dan tanggal spesifik dapat berubah sewaktu-waktu.

Silakan kunjungi umbandung.ac.id atau hubungi Bagian Akademik UMBandung untuk informasi lebih lanjut.
"
2026-06-01 17:33:02,950 - IP: 10.198.123.245 | Reaction: like | Message: "Berikut informasi mengenai jadwal libur akademik di Universitas Muhammadiyah Bandung:

Jadwal Libur Akademik



Jadwal libur di lingkungan Universitas Muhammadiyah Bandung (UMBandung) umumnya mengikuti kalender akademik tahunan yang diterbitkan secara resmi. Ini mencakup:

Libur nasional dan keagamaan (seperti Idul Fitri, Idul Adha, Natal, Tahun Baru).
Libur antar semester.
Hari-hari penting lainnya sesuai kebijakan universitas.
Kalender akademik juga memuat tanggal-tanggal penting seperti awal perkuliahan, periode Ujian Tengah Semester (UTS), Ujian Akhir Semester (UAS), dan periode daftar ulang.

Untuk mendapatkan informasi jadwal libur yang paling akurat dan terkini, Anda dapat merujuk pada Kalender Akademik resmi yang tersedia di situs web Universitas Muhammadiyah Bandung. Ketentuan dan tanggal spesifik dapat berubah sewaktu-waktu.

Silakan kunjungi umbandung.ac.id atau hubungi Bagian Akademik UMBandung untuk informasi lebih lanjut.
"
